<?xml version="1.0" encoding="UTF-8"?>
<!-- Generated by org.testng.reporters.JUnitReportReporter -->
<testsuite hostname="SarthakThinkpad" failures="0" tests="4" name="com.tn.qa.testcases.RegisterTest" time="29.573" errors="0" timestamp="2023-05-28T14:07:29 GMT-04:00" skipped="0">
  <testcase classname="com.tn.qa.testcases.RegisterTest" name="registerAccountWithMandatoryFields" time="7.069"/>
  <system-out/>
  <testcase classname="com.tn.qa.testcases.RegisterTest" name="registerAccountWithAllFields" time="8.602"/>
  <system-out/>
  <testcase classname="com.tn.qa.testcases.RegisterTest" name="registerAccountWithExistingEmail" time="7.199"/>
  <system-out/>
  <testcase classname="com.tn.qa.testcases.RegisterTest" name="registerAccountWithoutFillingAnyFields" time="6.703"/>
  <system-out/>
</testsuite> <!-- com.tn.qa.testcases.RegisterTest -->
