<?xml version="1.0" encoding="UTF-8"?>
<!-- Generated by org.testng.reporters.JUnitReportReporter -->
<testsuite hostname="SarthakThinkpad" failures="0" tests="1" name="com.tn.qa.testcases.LoginHomeTest" time="6.443" errors="0" timestamp="2023-05-27T23:13:11 GMT-04:00" skipped="0">
  <testcase classname="com.tn.qa.testcases.LoginHomeTest" name="verifyLoginWithValidUsernameInvalidPassword" time="6.443"/>
  <system-out/>
</testsuite> <!-- com.tn.qa.testcases.LoginHomeTest -->
