<?xml version="1.0" encoding="UTF-8"?>
<!-- Generated by org.testng.reporters.JUnitReportReporter -->
<testsuite hostname="SarthakThinkpad" failures="0" tests="3" name="com.tn.qa.testcases.SearchProductTest" time="20.099" errors="0" timestamp="2023-05-28T14:17:29 GMT-04:00" skipped="0">
  <testcase classname="com.tn.qa.testcases.SearchProductTest" name="verifySearchWithValidProduct" time="5.110"/>
  <system-out/>
  <testcase classname="com.tn.qa.testcases.SearchProductTest" name="verifySearchWithInvalidProduct" time="5.151"/>
  <system-out/>
  <testcase classname="com.tn.qa.testcases.SearchProductTest" name="verifySearchWithoutProduct" time="9.838"/>
  <system-out/>
</testsuite> <!-- com.tn.qa.testcases.SearchProductTest -->
