<?xml version="1.0" encoding="UTF-8"?>
<!-- Generated by org.testng.reporters.JUnitReportReporter -->
<testsuite hostname="SarthakThinkpad" failures="0" tests="4" name="com.tn.qa.testcases.RegisterTest" time="28.769" errors="0" timestamp="2023-05-28T14:17:29 GMT-04:00" skipped="0">
  <testcase classname="com.tn.qa.testcases.RegisterTest" name="registerAccountWithMandatoryFields" time="8.298"/>
  <system-out/>
  <testcase classname="com.tn.qa.testcases.RegisterTest" name="registerAccountWithAllFields" time="7.206"/>
  <system-out/>
  <testcase classname="com.tn.qa.testcases.RegisterTest" name="registerAccountWithExistingEmail" time="6.580"/>
  <system-out/>
  <testcase classname="com.tn.qa.testcases.RegisterTest" name="registerAccountWithoutFillingAnyFields" time="6.685"/>
  <system-out/>
</testsuite> <!-- com.tn.qa.testcases.RegisterTest -->
